c:\users\jamie\source\repos\hyperio\lab1\debug\vc141.pdb
c:\users\jamie\source\repos\hyperio\lab1\debug\vc141.idb
c:\users\jamie\source\repos\hyperio\lab1\debug\texture.obj
c:\users\jamie\source\repos\hyperio\lab1\debug\skybox.obj
c:\users\jamie\source\repos\hyperio\lab1\debug\shader.obj
c:\users\jamie\source\repos\hyperio\lab1\debug\obj_loader.obj
c:\users\jamie\source\repos\hyperio\lab1\debug\mesh.obj
c:\users\jamie\source\repos\hyperio\lab1\debug\maingame.obj
c:\users\jamie\source\repos\hyperio\lab1\debug\main.obj
c:\users\jamie\source\repos\hyperio\lab1\debug\entity.obj
c:\users\jamie\source\repos\hyperio\lab1\debug\display.obj
c:\users\jamie\source\repos\hyperio\lab1\debug\audio.obj
c:\users\jamie\source\repos\hyperio\lab1\debug\stb_image.obj
c:\users\jamie\source\repos\hyperio\debug\gp2game.exe
c:\users\jamie\source\repos\hyperio\debug\gp2game.ilk
c:\users\jamie\source\repos\hyperio\debug\gp2game.pdb
c:\users\jamie\source\repos\hyperio\lab1\debug\gp2game.tlog\cl.command.1.tlog
c:\users\jamie\source\repos\hyperio\lab1\debug\gp2game.tlog\cl.read.1.tlog
c:\users\jamie\source\repos\hyperio\lab1\debug\gp2game.tlog\cl.write.1.tlog
c:\users\jamie\source\repos\hyperio\lab1\debug\gp2game.tlog\link.command.1.tlog
c:\users\jamie\source\repos\hyperio\lab1\debug\gp2game.tlog\link.read.1.tlog
c:\users\jamie\source\repos\hyperio\lab1\debug\gp2game.tlog\link.write.1.tlog
